warning: Git tree '/home/jspidell/dir/nixos-config' is dirty
building the system configuration...
warning: Git tree '/home/jspidell/dir/nixos-config' is dirty
these 8 derivations will be built:
  /nix/store/gla2c2r6siysdp74ccwlsh1gcngxmra8-hm_hyprhyprland.conf.drv
  /nix/store/08vwxiwckv9rh7y1q1q8azdzjdlr2vxf-home-manager-files.drv
  /nix/store/xwi180l8h9s4b8lb5irngm01b8hx26dm-activation-script.drv
  /nix/store/dnafgr2cav4nh59mfcjr4s7h65c7m82q-home-manager-generation.drv
  /nix/store/a9nzm5c76qcmssw4w9211s0ccbsym5ns-unit-home-manager-jspidell.service.drv
  /nix/store/66pr4v722if60a2fpb8sqp82hnn84zwk-system-units.drv
  /nix/store/mc6zxcfcym2yys86cnn7scz4hflv0pa2-etc.drv
  /nix/store/yi67mglsa8cqqnpy3bma4ncb91j1xw11-nixos-system-nixos-24.11.20240618.c00d587.drv
building '/nix/store/gla2c2r6siysdp74ccwlsh1gcngxmra8-hm_hyprhyprland.conf.drv'...
building '/nix/store/xwi180l8h9s4b8lb5irngm01b8hx26dm-activation-script.drv'...
building '/nix/store/08vwxiwckv9rh7y1q1q8azdzjdlr2vxf-home-manager-files.drv'...
building '/nix/store/dnafgr2cav4nh59mfcjr4s7h65c7m82q-home-manager-generation.drv'...
building '/nix/store/a9nzm5c76qcmssw4w9211s0ccbsym5ns-unit-home-manager-jspidell.service.drv'...
building '/nix/store/66pr4v722if60a2fpb8sqp82hnn84zwk-system-units.drv'...
building '/nix/store/mc6zxcfcym2yys86cnn7scz4hflv0pa2-etc.drv'...
building '/nix/store/yi67mglsa8cqqnpy3bma4ncb91j1xw11-nixos-system-nixos-24.11.20240618.c00d587.drv'...
activating the configuration...
setting up /etc...
reloading user units for jspidell...
restarting sysinit-reactivation.target
restarting the following units: home-manager-jspidell.service
the following new units were started: systemd-localed.service
